<?xml version="1.0" encoding="UTF-8"?>
<!-- Generated by org.testng.reporters.JUnitReportReporter -->
<testsuite hostname="VIPIN" failures="0" tests="1" name="GenricUtils.ReadDataFromJSONUSingHashMap" time="0.030" errors="0" timestamp="2021-09-27T10:35:08 PDT" skipped="0">
  <testcase classname="GenricUtils.ReadDataFromJSONUSingHashMap" name="getDataFromJson" time="0.030"/>
  <system-out/>
</testsuite> <!-- GenricUtils.ReadDataFromJSONUSingHashMap -->
