<?xml version="1.0" encoding="UTF-8"?>
<!-- Generated by org.testng.reporters.JUnitReportReporter -->
<testsuite hostname="VIPIN" failures="0" tests="1" name="Practice.Person" time="0.015" errors="0" timestamp="2021-10-14T11:34:53 PDT" skipped="0">
  <testcase classname="Practice.Person" name="der" time="0.015"/>
  <system-out/>
</testsuite> <!-- Practice.Person -->
