<?xml version="1.0" encoding="UTF-8"?>
<!-- Generated by org.testng.reporters.JUnitReportReporter -->
<testsuite hostname="VIPIN" failures="0" tests="1" name="Practice.ExecuteUpdate" time="0.451" errors="0" timestamp="2021-09-27T15:50:16 PDT" skipped="0">
  <testcase classname="Practice.ExecuteUpdate" name="executeQuery" time="0.451"/>
  <system-out/>
</testsuite> <!-- Practice.ExecuteUpdate -->
