<?xml version="1.0" encoding="UTF-8"?>
<!-- Generated by org.testng.reporters.JUnitReportReporter -->
<testsuite hostname="VIPIN" failures="0" tests="1" name="GenricUtils.ReadDataFromJsonFile" time="0.023" errors="0" timestamp="2021-09-23T17:34:17 PDT" skipped="0">
  <testcase classname="GenricUtils.ReadDataFromJsonFile" name="getDataFromJson" time="0.023"/>
  <system-out/>
</testsuite> <!-- GenricUtils.ReadDataFromJsonFile -->
