<?xml version="1.0" encoding="UTF-8"?>
<!-- Generated by org.testng.reporters.JUnitReportReporter -->
<testsuite hostname="VIPIN" failures="0" tests="1" name="Practice.ExecuteQuery" time="0.533" errors="0" timestamp="2021-11-12T13:41:40 IST" skipped="0">
  <testcase classname="Practice.ExecuteQuery" name="executeQuery" time="0.533"/>
  <system-out/>
</testsuite> <!-- Practice.ExecuteQuery -->
