<?xml version="1.0" encoding="UTF-8"?>
<!-- Generated by org.testng.reporters.JUnitReportReporter -->
<testsuite hostname="VIPIN" failures="0" tests="1" name="Demo.ReadDataFromPropertyFile" time="0.022" errors="0" timestamp="2021-10-02T17:47:15 PDT" skipped="0">
  <testcase classname="Demo.ReadDataFromPropertyFile" name="readDataFromPropertyFile" time="0.022"/>
  <system-out/>
</testsuite> <!-- Demo.ReadDataFromPropertyFile -->
