<?xml version="1.0" encoding="UTF-8"?>
<!-- Generated by org.testng.reporters.JUnitReportReporter -->
<testsuite hostname="VIPIN" failures="0" tests="1" name="Practice.ExecuteUpdate1" time="0.486" errors="0" timestamp="2021-10-02T18:49:42 PDT" skipped="0">
  <testcase classname="Practice.ExecuteUpdate1" name="executeQuery" time="0.486"/>
  <system-out/>
</testsuite> <!-- Practice.ExecuteUpdate1 -->
