<?xml version="1.0" encoding="UTF-8"?>
<!-- Generated by org.testng.reporters.JUnitReportReporter -->
<testsuite hostname="VIPIN" failures="0" tests="1" name="Practice.Contact" time="0.014" errors="0" timestamp="2021-10-18T23:50:54 PDT" skipped="0">
  <testcase classname="Practice.Contact" name="org" time="0.014"/>
  <system-out/>
</testsuite> <!-- Practice.Contact -->
