<?xml version="1.0" encoding="UTF-8"?>
<!-- Generated by org.testng.reporters.JUnitReportReporter -->
<testsuite hostname="VIPIN" failures="0" tests="1" name="GenricUtils.ReadDataFromPropertyFile" time="0.014" errors="0" timestamp="2021-09-27T10:26:40 PDT" skipped="0">
  <testcase classname="GenricUtils.ReadDataFromPropertyFile" name="readDataFromPropertyFile" time="0.014"/>
  <system-out/>
</testsuite> <!-- GenricUtils.ReadDataFromPropertyFile -->
